This file contains any messages produced by compilers while
running configure, to aid debugging if configure makes a mistake.

It was created by ChaNGa configure 3.2, which was
generated by GNU Autoconf 2.63.  Invocation command line was

  $ ./configure 

## --------- ##
## Platform. ##
## --------- ##

hostname = c557-401.stampede.tacc.utexas.edu
uname -m = x86_64
uname -r = 2.6.32-431.17.1.el6.x86_64
uname -s = Linux
uname -v = #1 SMP Wed May 7 23:32:49 UTC 2014

/usr/bin/uname -p = unknown
/bin/uname -X     = unknown

/bin/arch              = x86_64
/usr/bin/arch -k       = unknown
/usr/convex/getsysinfo = unknown
/usr/bin/hostinfo      = unknown
/bin/machine           = unknown
/usr/bin/oslevel       = unknown
/bin/universe          = unknown

PATH: /opt/apps/intel15/impi/5.0.2.044/intel64/bin
PATH: /opt/apps/xalt/0.6/bin
PATH: /opt/apps/intel/15/composer_xe_2015.2.164/bin/intel64
PATH: /usr/lib64/qt-3.3/bin
PATH: /usr/local/bin
PATH: /bin
PATH: /usr/bin
PATH: /opt/apps/xsede/gsi-openssh-5.7/bin
PATH: /usr/X11R6/bin
PATH: /opt/ofed/bin
PATH: /opt/ofed/sbin
PATH: .


## ----------- ##
## Core tests. ##
## ----------- ##

configure:1820: checking for charmc
configure:1839: found ../charm/bin/charmc
configure:1852: result: ../charm/bin/charmc
configure:1881: checking for ../libs
configure:1896: result: no
configure:2015: checking for C++ compiler version
configure:2023: mpicxx   -DCMK_GFORTRAN   -D_REENTRANT     -D_REENTRANT  -DMPICH_IGNORE_CXX_SEEK -DMPICH_SKIP_MPICXX -mmic  --version >&5
icpc (ICC) 15.0.2 20150121
Copyright (C) 1985-2015 Intel Corporation.  All rights reserved.

configure:2027: $? = 0
configure:2034: mpicxx   -DCMK_GFORTRAN   -D_REENTRANT     -D_REENTRANT  -DMPICH_IGNORE_CXX_SEEK -DMPICH_SKIP_MPICXX -mmic  -v >&5
mpiicpc for the Intel(R) MPI Library 5.0 Update 2 for Linux*
Copyright(C) 2003-2014, Intel Corporation.  All rights reserved.
icpc version 15.0.2 (gcc version 4.7.0 compatibility)
x86_64-k1om-linux-ld    --sysroot=/usr/linux-k1om-4.7/linux-k1om /usr/linux-k1om-4.7/linux-k1om/usr/lib64/crt1.o /usr/linux-k1om-4.7/linux-k1om/usr/lib64/crti.o /usr/linux-k1om-4.7/linux-k1om/usr/lib64/k1om-mpss-linux/4.7.0/crtbegin.o --eh-frame-hdr -dynamic-linker /lib64/ld-linux-k1om.so.2 -m elf_k1om -L/opt/apps/intel15/impi/5.0.2.044/mic/lib/release_mt -L/opt/apps/intel15/impi/5.0.2.044/mic/lib -o a.out -L/opt/apps/intel/15/composer_xe_2015.2.164/tbb/lib/mic -L/opt/apps/intel/15/composer_xe_2015.2.164/mpirt/lib/mic -L/opt/apps/intel/15/composer_xe_2015.2.164/compiler/lib/mic -L/opt/apps/intel/15/composer_xe_2015.2.164/compiler/lib/mic -L/usr/linux-k1om-4.7/linux-k1om/../lib/gcc/x86_64-k1om-linux/4.7.0 -L/usr/linux-k1om-4.7/linux-k1om/../lib/gcc -L/usr/linux-k1om-4.7/linux-k1om/lib64 -L/usr/linux-k1om-4.7/linux-k1om/usr/lib64 -L/usr/linux-k1om-4.7/linux-k1om/lib64 -L/usr/linux-k1om-4.7/linux-k1om/usr/lib64 --enable-new-dtags -rpath /opt/apps/intel15/impi/5.0.2.044/mic/lib/release_mt -rpath /opt/apps/intel15/impi/5.0.2.044/mic/lib -rpath /opt/intel/mpi-rt/5.0/mic/lib/release_mt -rpath /opt/intel/mpi-rt/5.0/mic/lib -lmpicxx -lmpifort -lmpi -lmpigi -ldl -lrt -lpthread -Bdynamic -Bstatic -limf -lsvml -lirng -Bdynamic -lm -Bstatic -lipgo -ldecimal --as-needed -Bdynamic -lcilkrts --no-as-needed -lstdc++ -lgcc -lgcc_s -Bstatic -lirc -lsvml -Bdynamic -lc -lgcc -lgcc_s -Bstatic -lirc_s -Bdynamic -ldl -lc /usr/linux-k1om-4.7/linux-k1om/usr/lib64/k1om-mpss-linux/4.7.0/crtend.o /usr/linux-k1om-4.7/linux-k1om/usr/lib64/crtn.o
/usr/linux-k1om-4.7/linux-k1om/usr/lib64/crt1.o: In function `_start':
(.text+0x20): undefined reference to `main'
configure:2038: $? = 1
configure:2045: mpicxx   -DCMK_GFORTRAN   -D_REENTRANT     -D_REENTRANT  -DMPICH_IGNORE_CXX_SEEK -DMPICH_SKIP_MPICXX -mmic  -V >&5
Intel(R) C++ Intel(R) 64 Compiler XE for applications running on Intel(R) 64, Version 15.0.2.164 Build 20150121
Copyright (C) 1985-2015 Intel Corporation.  All rights reserved.

GNU ld (GNU Binutils) 2.22.52.20120302
/usr/linux-k1om-4.7/linux-k1om/usr/lib64/crt1.o: In function `_start':
(.text+0x20): undefined reference to `main'
configure:2049: $? = 1
configure:2072: checking for C++ compiler default output file name
configure:2094: mpicxx   -DCMK_GFORTRAN   -D_REENTRANT     -D_REENTRANT  -DMPICH_IGNORE_CXX_SEEK -DMPICH_SKIP_MPICXX -mmic    -I..  conftest.cpp  >&5
configure:2098: $? = 0
configure:2136: result: a.out
configure:2155: checking whether the C++ compiler works
configure:2165: ./a.out
configure:2169: $? = 0
configure:2188: result: yes
configure:2195: checking whether we are cross compiling
configure:2197: result: no
configure:2200: checking for suffix of executables
configure:2207: mpicxx   -DCMK_GFORTRAN   -D_REENTRANT     -D_REENTRANT  -DMPICH_IGNORE_CXX_SEEK -DMPICH_SKIP_MPICXX -mmic  -o conftest   -I..  conftest.cpp  >&5
configure:2211: $? = 0
configure:2237: result: 
configure:2243: checking for suffix of object files
configure:2269: mpicxx   -DCMK_GFORTRAN   -D_REENTRANT     -D_REENTRANT  -DMPICH_IGNORE_CXX_SEEK -DMPICH_SKIP_MPICXX -mmic  -c   -I.. conftest.cpp >&5
configure:2273: $? = 0
configure:2298: result: o
configure:2302: checking whether we are using the GNU C++ compiler
configure:2331: mpicxx   -DCMK_GFORTRAN   -D_REENTRANT     -D_REENTRANT  -DMPICH_IGNORE_CXX_SEEK -DMPICH_SKIP_MPICXX -mmic  -c   -I.. conftest.cpp >&5
configure:2338: $? = 0
configure:2355: result: yes
configure:2364: checking whether mpicxx   -DCMK_GFORTRAN   -D_REENTRANT     -D_REENTRANT  -DMPICH_IGNORE_CXX_SEEK -DMPICH_SKIP_MPICXX -mmic  accepts -g
configure:2394: mpicxx   -DCMK_GFORTRAN   -D_REENTRANT     -D_REENTRANT  -DMPICH_IGNORE_CXX_SEEK -DMPICH_SKIP_MPICXX -mmic  -c -g  -I.. conftest.cpp >&5
configure:2401: $? = 0
configure:2502: result: yes
configure:2576: checking for gcc
configure:2603: result: mpicc   -DCMK_GFORTRAN  -D_REENTRANT   -D_REENTRANT  -DMPICH_IGNORE_CXX_SEEK -DMPICH_SKIP_MPICXX -mmic
configure:2835: checking for C compiler version
configure:2843: mpicc   -DCMK_GFORTRAN  -D_REENTRANT   -D_REENTRANT  -DMPICH_IGNORE_CXX_SEEK -DMPICH_SKIP_MPICXX -mmic --version >&5
icc (ICC) 15.0.2 20150121
Copyright (C) 1985-2015 Intel Corporation.  All rights reserved.

configure:2847: $? = 0
configure:2854: mpicc   -DCMK_GFORTRAN  -D_REENTRANT   -D_REENTRANT  -DMPICH_IGNORE_CXX_SEEK -DMPICH_SKIP_MPICXX -mmic -v >&5
mpiicc for the Intel(R) MPI Library 5.0 Update 2 for Linux*
Copyright(C) 2003-2014, Intel Corporation.  All rights reserved.
icc version 15.0.2 (gcc version 4.7.0 compatibility)
x86_64-k1om-linux-ld    --sysroot=/usr/linux-k1om-4.7/linux-k1om /usr/linux-k1om-4.7/linux-k1om/usr/lib64/crt1.o /usr/linux-k1om-4.7/linux-k1om/usr/lib64/crti.o /usr/linux-k1om-4.7/linux-k1om/usr/lib64/k1om-mpss-linux/4.7.0/crtbegin.o --eh-frame-hdr -dynamic-linker /lib64/ld-linux-k1om.so.2 -m elf_k1om -L/opt/apps/intel15/impi/5.0.2.044/mic/lib/release_mt -L/opt/apps/intel15/impi/5.0.2.044/mic/lib -o a.out -L/opt/apps/intel/15/composer_xe_2015.2.164/tbb/lib/mic -L/opt/apps/intel/15/composer_xe_2015.2.164/mpirt/lib/mic -L/opt/apps/intel/15/composer_xe_2015.2.164/compiler/lib/mic -L/opt/apps/intel/15/composer_xe_2015.2.164/compiler/lib/mic -L/usr/linux-k1om-4.7/linux-k1om/../lib/gcc/x86_64-k1om-linux/4.7.0 -L/usr/linux-k1om-4.7/linux-k1om/../lib/gcc -L/usr/linux-k1om-4.7/linux-k1om/lib64 -L/usr/linux-k1om-4.7/linux-k1om/usr/lib64 -L/usr/linux-k1om-4.7/linux-k1om/lib64 -L/usr/linux-k1om-4.7/linux-k1om/usr/lib64 --enable-new-dtags -rpath /opt/apps/intel15/impi/5.0.2.044/mic/lib/release_mt -rpath /opt/apps/intel15/impi/5.0.2.044/mic/lib -rpath /opt/intel/mpi-rt/5.0/mic/lib/release_mt -rpath /opt/intel/mpi-rt/5.0/mic/lib -lmpifort -lmpi -lmpigi -ldl -lrt -lpthread -Bdynamic -Bstatic -limf -lsvml -lirng -Bdynamic -lm -Bstatic -lipgo -ldecimal --as-needed -Bdynamic -lcilkrts -lstdc++ --no-as-needed -lgcc -lgcc_s -Bstatic -lirc -lsvml -Bdynamic -lc -lgcc -lgcc_s -Bstatic -lirc_s -Bdynamic -ldl -lc /usr/linux-k1om-4.7/linux-k1om/usr/lib64/k1om-mpss-linux/4.7.0/crtend.o /usr/linux-k1om-4.7/linux-k1om/usr/lib64/crtn.o
/usr/linux-k1om-4.7/linux-k1om/usr/lib64/crt1.o: In function `_start':
(.text+0x20): undefined reference to `main'
configure:2858: $? = 1
configure:2865: mpicc   -DCMK_GFORTRAN  -D_REENTRANT   -D_REENTRANT  -DMPICH_IGNORE_CXX_SEEK -DMPICH_SKIP_MPICXX -mmic -V >&5
Intel(R) C Intel(R) 64 Compiler XE for applications running on Intel(R) 64, Version 15.0.2.164 Build 20150121
Copyright (C) 1985-2015 Intel Corporation.  All rights reserved.

GNU ld (GNU Binutils) 2.22.52.20120302
/usr/linux-k1om-4.7/linux-k1om/usr/lib64/crt1.o: In function `_start':
(.text+0x20): undefined reference to `main'
configure:2869: $? = 1
configure:2872: checking whether we are using the GNU C compiler
configure:2901: mpicc   -DCMK_GFORTRAN  -D_REENTRANT   -D_REENTRANT  -DMPICH_IGNORE_CXX_SEEK -DMPICH_SKIP_MPICXX -mmic -c   -I.. conftest.c >&5
configure:2908: $? = 0
configure:2925: result: yes
configure:2934: checking whether mpicc   -DCMK_GFORTRAN  -D_REENTRANT   -D_REENTRANT  -DMPICH_IGNORE_CXX_SEEK -DMPICH_SKIP_MPICXX -mmic accepts -g
configure:2964: mpicc   -DCMK_GFORTRAN  -D_REENTRANT   -D_REENTRANT  -DMPICH_IGNORE_CXX_SEEK -DMPICH_SKIP_MPICXX -mmic -c -g  -I.. conftest.c >&5
configure:2971: $? = 0
configure:3072: result: yes
configure:3089: checking for mpicc   -DCMK_GFORTRAN  -D_REENTRANT   -D_REENTRANT  -DMPICH_IGNORE_CXX_SEEK -DMPICH_SKIP_MPICXX -mmic option to accept ISO C89
configure:3163: mpicc   -DCMK_GFORTRAN  -D_REENTRANT   -D_REENTRANT  -DMPICH_IGNORE_CXX_SEEK -DMPICH_SKIP_MPICXX -mmic  -c -g -O2  -I.. conftest.c >&5
configure:3170: $? = 0
configure:3193: result: none needed
configure:3217: checking how to run the C preprocessor
configure:3257: mpicc   -DCMK_GFORTRAN  -D_REENTRANT   -D_REENTRANT  -DMPICH_IGNORE_CXX_SEEK -DMPICH_SKIP_MPICXX -mmic -E  -I.. conftest.c
configure:3264: $? = 0
configure:3295: mpicc   -DCMK_GFORTRAN  -D_REENTRANT   -D_REENTRANT  -DMPICH_IGNORE_CXX_SEEK -DMPICH_SKIP_MPICXX -mmic -E  -I.. conftest.c
conftest.c(9): error #2379: cannot open source file "ac_nonexistent.h"
  #include <ac_nonexistent.h>
                             ^

configure:3302: $? = 2
configure: failed program was:
| /* confdefs.h.  */
| #define PACKAGE_NAME "ChaNGa"
| #define PACKAGE_TARNAME "changa"
| #define PACKAGE_VERSION "3.2"
| #define PACKAGE_STRING "ChaNGa 3.2"
| #define PACKAGE_BUGREPORT "changa-users@u.washington.edu"
| #define NBODY_PACKAGE_VERSION 3.2
| /* end confdefs.h.  */
| #include <ac_nonexistent.h>
configure:3335: result: mpicc   -DCMK_GFORTRAN  -D_REENTRANT   -D_REENTRANT  -DMPICH_IGNORE_CXX_SEEK -DMPICH_SKIP_MPICXX -mmic -E
configure:3364: mpicc   -DCMK_GFORTRAN  -D_REENTRANT   -D_REENTRANT  -DMPICH_IGNORE_CXX_SEEK -DMPICH_SKIP_MPICXX -mmic -E  -I.. conftest.c
configure:3371: $? = 0
configure:3402: mpicc   -DCMK_GFORTRAN  -D_REENTRANT   -D_REENTRANT  -DMPICH_IGNORE_CXX_SEEK -DMPICH_SKIP_MPICXX -mmic -E  -I.. conftest.c
conftest.c(9): error #2379: cannot open source file "ac_nonexistent.h"
  #include <ac_nonexistent.h>
                             ^

configure:3409: $? = 2
configure: failed program was:
| /* confdefs.h.  */
| #define PACKAGE_NAME "ChaNGa"
| #define PACKAGE_TARNAME "changa"
| #define PACKAGE_VERSION "3.2"
| #define PACKAGE_STRING "ChaNGa 3.2"
| #define PACKAGE_BUGREPORT "changa-users@u.washington.edu"
| #define NBODY_PACKAGE_VERSION 3.2
| /* end confdefs.h.  */
| #include <ac_nonexistent.h>
configure:3449: checking for grep that handles long lines and -e
configure:3509: result: /bin/grep
configure:3514: checking for egrep
configure:3578: result: /bin/grep -E
configure:3583: checking for ANSI C header files
configure:3613: mpicc   -DCMK_GFORTRAN  -D_REENTRANT   -D_REENTRANT  -DMPICH_IGNORE_CXX_SEEK -DMPICH_SKIP_MPICXX -mmic -c -g -O2  -I.. conftest.c >&5
configure:3620: $? = 0
configure:3719: mpicc   -DCMK_GFORTRAN  -D_REENTRANT   -D_REENTRANT  -DMPICH_IGNORE_CXX_SEEK -DMPICH_SKIP_MPICXX -mmic -o conftest -g -O2  -I..  conftest.c  >&5
configure:3723: $? = 0
configure:3729: ./conftest
configure:3733: $? = 0
configure:3751: result: yes
configure:3775: checking for sys/types.h
configure:3796: mpicc   -DCMK_GFORTRAN  -D_REENTRANT   -D_REENTRANT  -DMPICH_IGNORE_CXX_SEEK -DMPICH_SKIP_MPICXX -mmic -c -g -O2  -I.. conftest.c >&5
configure:3803: $? = 0
configure:3820: result: yes
configure:3775: checking for sys/stat.h
configure:3796: mpicc   -DCMK_GFORTRAN  -D_REENTRANT   -D_REENTRANT  -DMPICH_IGNORE_CXX_SEEK -DMPICH_SKIP_MPICXX -mmic -c -g -O2  -I.. conftest.c >&5
configure:3803: $? = 0
configure:3820: result: yes
configure:3775: checking for stdlib.h
configure:3796: mpicc   -DCMK_GFORTRAN  -D_REENTRANT   -D_REENTRANT  -DMPICH_IGNORE_CXX_SEEK -DMPICH_SKIP_MPICXX -mmic -c -g -O2  -I.. conftest.c >&5
configure:3803: $? = 0
configure:3820: result: yes
configure:3775: checking for string.h
configure:3796: mpicc   -DCMK_GFORTRAN  -D_REENTRANT   -D_REENTRANT  -DMPICH_IGNORE_CXX_SEEK -DMPICH_SKIP_MPICXX -mmic -c -g -O2  -I.. conftest.c >&5
configure:3803: $? = 0
configure:3820: result: yes
configure:3775: checking for memory.h
configure:3796: mpicc   -DCMK_GFORTRAN  -D_REENTRANT   -D_REENTRANT  -DMPICH_IGNORE_CXX_SEEK -DMPICH_SKIP_MPICXX -mmic -c -g -O2  -I.. conftest.c >&5
configure:3803: $? = 0
configure:3820: result: yes
configure:3775: checking for strings.h
configure:3796: mpicc   -DCMK_GFORTRAN  -D_REENTRANT   -D_REENTRANT  -DMPICH_IGNORE_CXX_SEEK -DMPICH_SKIP_MPICXX -mmic -c -g -O2  -I.. conftest.c >&5
configure:3803: $? = 0
configure:3820: result: yes
configure:3775: checking for inttypes.h
configure:3796: mpicc   -DCMK_GFORTRAN  -D_REENTRANT   -D_REENTRANT  -DMPICH_IGNORE_CXX_SEEK -DMPICH_SKIP_MPICXX -mmic -c -g -O2  -I.. conftest.c >&5
configure:3803: $? = 0
configure:3820: result: yes
configure:3775: checking for stdint.h
configure:3796: mpicc   -DCMK_GFORTRAN  -D_REENTRANT   -D_REENTRANT  -DMPICH_IGNORE_CXX_SEEK -DMPICH_SKIP_MPICXX -mmic -c -g -O2  -I.. conftest.c >&5
configure:3803: $? = 0
configure:3820: result: yes
configure:3775: checking for unistd.h
configure:3796: mpicc   -DCMK_GFORTRAN  -D_REENTRANT   -D_REENTRANT  -DMPICH_IGNORE_CXX_SEEK -DMPICH_SKIP_MPICXX -mmic -c -g -O2  -I.. conftest.c >&5
configure:3803: $? = 0
configure:3820: result: yes
configure:3860: checking sys/bittypes.h usability
configure:3877: mpicc   -DCMK_GFORTRAN  -D_REENTRANT   -D_REENTRANT  -DMPICH_IGNORE_CXX_SEEK -DMPICH_SKIP_MPICXX -mmic -c -g -O2  -I.. conftest.c >&5
conftest.c(52): catastrophic error: cannot open source file "sys/bittypes.h"
  #include <sys/bittypes.h>
                           ^

compilation aborted for conftest.c (code 4)
configure:3884: $? = 4
configure: failed program was:
| /* confdefs.h.  */
| #define PACKAGE_NAME "ChaNGa"
| #define PACKAGE_TARNAME "changa"
| #define PACKAGE_VERSION "3.2"
| #define PACKAGE_STRING "ChaNGa 3.2"
| #define PACKAGE_BUGREPORT "changa-users@u.washington.edu"
| #define NBODY_PACKAGE_VERSION 3.2
| #define STDC_HEADERS 1
| #define HAVE_SYS_TYPES_H 1
| #define HAVE_SYS_STAT_H 1
| #define HAVE_STDLIB_H 1
| #define HAVE_STRING_H 1
| #define HAVE_MEMORY_H 1
| #define HAVE_STRINGS_H 1
| #define HAVE_INTTYPES_H 1
| #define HAVE_STDINT_H 1
| #define HAVE_UNISTD_H 1
| /* end confdefs.h.  */
| #include <stdio.h>
| #ifdef HAVE_SYS_TYPES_H
| # include <sys/types.h>
| #endif
| #ifdef HAVE_SYS_STAT_H
| # include <sys/stat.h>
| #endif
| #ifdef STDC_HEADERS
| # include <stdlib.h>
| # include <stddef.h>
| #else
| # ifdef HAVE_STDLIB_H
| #  include <stdlib.h>
| # endif
| #endif
| #ifdef HAVE_STRING_H
| # if !defined STDC_HEADERS && defined HAVE_MEMORY_H
| #  include <memory.h>
| # endif
| # include <string.h>
| #endif
| #ifdef HAVE_STRINGS_H
| # include <strings.h>
| #endif
| #ifdef HAVE_INTTYPES_H
| # include <inttypes.h>
| #endif
| #ifdef HAVE_STDINT_H
| # include <stdint.h>
| #endif
| #ifdef HAVE_UNISTD_H
| # include <unistd.h>
| #endif
| #include <sys/bittypes.h>
configure:3898: result: no
configure:3902: checking sys/bittypes.h presence
configure:3917: mpicc   -DCMK_GFORTRAN  -D_REENTRANT   -D_REENTRANT  -DMPICH_IGNORE_CXX_SEEK -DMPICH_SKIP_MPICXX -mmic -E  -I.. conftest.c
conftest.c(19): error #2379: cannot open source file "sys/bittypes.h"
  #include <sys/bittypes.h>
                           ^

configure:3924: $? = 2
configure: failed program was:
| /* confdefs.h.  */
| #define PACKAGE_NAME "ChaNGa"
| #define PACKAGE_TARNAME "changa"
| #define PACKAGE_VERSION "3.2"
| #define PACKAGE_STRING "ChaNGa 3.2"
| #define PACKAGE_BUGREPORT "changa-users@u.washington.edu"
| #define NBODY_PACKAGE_VERSION 3.2
| #define STDC_HEADERS 1
| #define HAVE_SYS_TYPES_H 1
| #define HAVE_SYS_STAT_H 1
| #define HAVE_STDLIB_H 1
| #define HAVE_STRING_H 1
| #define HAVE_MEMORY_H 1
| #define HAVE_STRINGS_H 1
| #define HAVE_INTTYPES_H 1
| #define HAVE_STDINT_H 1
| #define HAVE_UNISTD_H 1
| /* end confdefs.h.  */
| #include <sys/bittypes.h>
configure:3938: result: no
configure:3971: checking for sys/bittypes.h
configure:3980: result: no
configure:3860: checking endian.h usability
configure:3877: mpicc   -DCMK_GFORTRAN  -D_REENTRANT   -D_REENTRANT  -DMPICH_IGNORE_CXX_SEEK -DMPICH_SKIP_MPICXX -mmic -c -g -O2  -I.. conftest.c >&5
configure:3884: $? = 0
configure:3898: result: yes
configure:3902: checking endian.h presence
configure:3917: mpicc   -DCMK_GFORTRAN  -D_REENTRANT   -D_REENTRANT  -DMPICH_IGNORE_CXX_SEEK -DMPICH_SKIP_MPICXX -mmic -E  -I.. conftest.c
configure:3924: $? = 0
configure:3938: result: yes
configure:3971: checking for endian.h
configure:3980: result: yes
configure:3860: checking limits.h usability
configure:3877: mpicc   -DCMK_GFORTRAN  -D_REENTRANT   -D_REENTRANT  -DMPICH_IGNORE_CXX_SEEK -DMPICH_SKIP_MPICXX -mmic -c -g -O2  -I.. conftest.c >&5
configure:3884: $? = 0
configure:3898: result: yes
configure:3902: checking limits.h presence
configure:3917: mpicc   -DCMK_GFORTRAN  -D_REENTRANT   -D_REENTRANT  -DMPICH_IGNORE_CXX_SEEK -DMPICH_SKIP_MPICXX -mmic -E  -I.. conftest.c
configure:3924: $? = 0
configure:3938: result: yes
configure:3971: checking for limits.h
configure:3980: result: yes
configure:3860: checking malloc.h usability
configure:3877: mpicc   -DCMK_GFORTRAN  -D_REENTRANT   -D_REENTRANT  -DMPICH_IGNORE_CXX_SEEK -DMPICH_SKIP_MPICXX -mmic -c -g -O2  -I.. conftest.c >&5
configure:3884: $? = 0
configure:3898: result: yes
configure:3902: checking malloc.h presence
configure:3917: mpicc   -DCMK_GFORTRAN  -D_REENTRANT   -D_REENTRANT  -DMPICH_IGNORE_CXX_SEEK -DMPICH_SKIP_MPICXX -mmic -E  -I.. conftest.c
configure:3924: $? = 0
configure:3938: result: yes
configure:3971: checking for malloc.h
configure:3980: result: yes
configure:3860: checking stddef.h usability
configure:3877: mpicc   -DCMK_GFORTRAN  -D_REENTRANT   -D_REENTRANT  -DMPICH_IGNORE_CXX_SEEK -DMPICH_SKIP_MPICXX -mmic -c -g -O2  -I.. conftest.c >&5
configure:3884: $? = 0
configure:3898: result: yes
configure:3902: checking stddef.h presence
configure:3917: mpicc   -DCMK_GFORTRAN  -D_REENTRANT   -D_REENTRANT  -DMPICH_IGNORE_CXX_SEEK -DMPICH_SKIP_MPICXX -mmic -E  -I.. conftest.c
configure:3924: $? = 0
configure:3938: result: yes
configure:3971: checking for stddef.h
configure:3980: result: yes
configure:3849: checking for stdint.h
configure:3856: result: yes
configure:3849: checking for stdlib.h
configure:3856: result: yes
configure:3849: checking for string.h
configure:3856: result: yes
configure:3860: checking sys/param.h usability
configure:3877: mpicc   -DCMK_GFORTRAN  -D_REENTRANT   -D_REENTRANT  -DMPICH_IGNORE_CXX_SEEK -DMPICH_SKIP_MPICXX -mmic -c -g -O2  -I.. conftest.c >&5
configure:3884: $? = 0
configure:3898: result: yes
configure:3902: checking sys/param.h presence
configure:3917: mpicc   -DCMK_GFORTRAN  -D_REENTRANT   -D_REENTRANT  -DMPICH_IGNORE_CXX_SEEK -DMPICH_SKIP_MPICXX -mmic -E  -I.. conftest.c
configure:3924: $? = 0
configure:3938: result: yes
configure:3971: checking for sys/param.h
configure:3980: result: yes
configure:3849: checking for unistd.h
configure:3856: result: yes
configure:3860: checking values.h usability
configure:3877: mpicc   -DCMK_GFORTRAN  -D_REENTRANT   -D_REENTRANT  -DMPICH_IGNORE_CXX_SEEK -DMPICH_SKIP_MPICXX -mmic -c -g -O2  -I.. conftest.c >&5
configure:3884: $? = 0
configure:3898: result: yes
configure:3902: checking values.h presence
configure:3917: mpicc   -DCMK_GFORTRAN  -D_REENTRANT   -D_REENTRANT  -DMPICH_IGNORE_CXX_SEEK -DMPICH_SKIP_MPICXX -mmic -E  -I.. conftest.c
configure:3924: $? = 0
configure:3938: result: yes
configure:3971: checking for values.h
configure:3980: result: yes
configure:4005: checking netinet/in.h usability
configure:4022: mpicc   -DCMK_GFORTRAN  -D_REENTRANT   -D_REENTRANT  -DMPICH_IGNORE_CXX_SEEK -DMPICH_SKIP_MPICXX -mmic -c -g -O2  -I.. conftest.c >&5
configure:4029: $? = 0
configure:4043: result: yes
configure:4047: checking netinet/in.h presence
configure:4062: mpicc   -DCMK_GFORTRAN  -D_REENTRANT   -D_REENTRANT  -DMPICH_IGNORE_CXX_SEEK -DMPICH_SKIP_MPICXX -mmic -E  -I.. conftest.c
configure:4069: $? = 0
configure:4083: result: yes
configure:4116: checking for netinet/in.h
configure:4123: result: yes
configure:4154: checking rpc/types.h usability
configure:4171: mpicc   -DCMK_GFORTRAN  -D_REENTRANT   -D_REENTRANT  -DMPICH_IGNORE_CXX_SEEK -DMPICH_SKIP_MPICXX -mmic -c -g -O2  -I.. conftest.c >&5
configure:4178: $? = 0
configure:4192: result: yes
configure:4196: checking rpc/types.h presence
configure:4211: mpicc   -DCMK_GFORTRAN  -D_REENTRANT   -D_REENTRANT  -DMPICH_IGNORE_CXX_SEEK -DMPICH_SKIP_MPICXX -mmic -E  -I.. conftest.c
configure:4218: $? = 0
configure:4232: result: yes
configure:4265: checking for rpc/types.h
configure:4274: result: yes
configure:4289: checking for rpc/xdr.h
configure:4313: mpicc   -DCMK_GFORTRAN  -D_REENTRANT   -D_REENTRANT  -DMPICH_IGNORE_CXX_SEEK -DMPICH_SKIP_MPICXX -mmic -c -g -O2  -I.. conftest.c >&5
configure:4320: $? = 0
configure:4335: result: yes
configure:4344: checking for library containing xdr_float
configure:4385: mpicc   -DCMK_GFORTRAN  -D_REENTRANT   -D_REENTRANT  -DMPICH_IGNORE_CXX_SEEK -DMPICH_SKIP_MPICXX -mmic -o conftest -g -O2  -I..  conftest.c  >&5
configure:4392: $? = 0
configure:4423: result: none required
configure:4757: checking for stdbool.h that conforms to C99
configure:4852: mpicc   -DCMK_GFORTRAN  -D_REENTRANT   -D_REENTRANT  -DMPICH_IGNORE_CXX_SEEK -DMPICH_SKIP_MPICXX -mmic -c -g -O2  -I.. conftest.c >&5
configure:4859: $? = 0
configure:4874: result: yes
configure:4876: checking for _Bool
configure:4904: mpicc   -DCMK_GFORTRAN  -D_REENTRANT   -D_REENTRANT  -DMPICH_IGNORE_CXX_SEEK -DMPICH_SKIP_MPICXX -mmic -c -g -O2  -I.. conftest.c >&5
configure:4911: $? = 0
configure:4938: mpicc   -DCMK_GFORTRAN  -D_REENTRANT   -D_REENTRANT  -DMPICH_IGNORE_CXX_SEEK -DMPICH_SKIP_MPICXX -mmic -c -g -O2  -I.. conftest.c >&5
conftest.c(66): error: expected an expression
  if (sizeof ((_Bool)))
                     ^

compilation aborted for conftest.c (code 2)
configure:4945: $? = 2
configure: failed program was:
| /* confdefs.h.  */
| #define PACKAGE_NAME "ChaNGa"
| #define PACKAGE_TARNAME "changa"
| #define PACKAGE_VERSION "3.2"
| #define PACKAGE_STRING "ChaNGa 3.2"
| #define PACKAGE_BUGREPORT "changa-users@u.washington.edu"
| #define NBODY_PACKAGE_VERSION 3.2
| #define STDC_HEADERS 1
| #define HAVE_SYS_TYPES_H 1
| #define HAVE_SYS_STAT_H 1
| #define HAVE_STDLIB_H 1
| #define HAVE_STRING_H 1
| #define HAVE_MEMORY_H 1
| #define HAVE_STRINGS_H 1
| #define HAVE_INTTYPES_H 1
| #define HAVE_STDINT_H 1
| #define HAVE_UNISTD_H 1
| #define HAVE_ENDIAN_H 1
| #define HAVE_LIMITS_H 1
| #define HAVE_MALLOC_H 1
| #define HAVE_STDDEF_H 1
| #define HAVE_STDINT_H 1
| #define HAVE_STDLIB_H 1
| #define HAVE_STRING_H 1
| #define HAVE_SYS_PARAM_H 1
| #define HAVE_UNISTD_H 1
| #define HAVE_VALUES_H 1
| #define HAVE_RPC_TYPES_H 1
| /* end confdefs.h.  */
| #include <stdio.h>
| #ifdef HAVE_SYS_TYPES_H
| # include <sys/types.h>
| #endif
| #ifdef HAVE_SYS_STAT_H
| # include <sys/stat.h>
| #endif
| #ifdef STDC_HEADERS
| # include <stdlib.h>
| # include <stddef.h>
| #else
| # ifdef HAVE_STDLIB_H
| #  include <stdlib.h>
| # endif
| #endif
| #ifdef HAVE_STRING_H
| # if !defined STDC_HEADERS && defined HAVE_MEMORY_H
| #  include <memory.h>
| # endif
| # include <string.h>
| #endif
| #ifdef HAVE_STRINGS_H
| # include <strings.h>
| #endif
| #ifdef HAVE_INTTYPES_H
| # include <inttypes.h>
| #endif
| #ifdef HAVE_STDINT_H
| # include <stdint.h>
| #endif
| #ifdef HAVE_UNISTD_H
| # include <unistd.h>
| #endif
| int
| main ()
| {
| if (sizeof ((_Bool)))
| 	  return 0;
|   ;
|   return 0;
| }
configure:4968: result: yes
configure:4987: checking for an ANSI C-conforming const
configure:5062: mpicc   -DCMK_GFORTRAN  -D_REENTRANT   -D_REENTRANT  -DMPICH_IGNORE_CXX_SEEK -DMPICH_SKIP_MPICXX -mmic -c -g -O2  -I.. conftest.c >&5
configure:5069: $? = 0
configure:5084: result: yes
configure:5094: checking for inline
configure:5120: mpicc   -DCMK_GFORTRAN  -D_REENTRANT   -D_REENTRANT  -DMPICH_IGNORE_CXX_SEEK -DMPICH_SKIP_MPICXX -mmic -c -g -O2  -I.. conftest.c >&5
configure:5127: $? = 0
configure:5145: result: inline
configure:5164: checking for size_t
configure:5192: mpicc   -DCMK_GFORTRAN  -D_REENTRANT   -D_REENTRANT  -DMPICH_IGNORE_CXX_SEEK -DMPICH_SKIP_MPICXX -mmic -c -g -O2  -I.. conftest.c >&5
configure:5199: $? = 0
configure:5226: mpicc   -DCMK_GFORTRAN  -D_REENTRANT   -D_REENTRANT  -DMPICH_IGNORE_CXX_SEEK -DMPICH_SKIP_MPICXX -mmic -c -g -O2  -I.. conftest.c >&5
conftest.c(68): error: expected an expression
  if (sizeof ((size_t)))
                      ^

compilation aborted for conftest.c (code 2)
configure:5233: $? = 2
configure: failed program was:
| /* confdefs.h.  */
| #define PACKAGE_NAME "ChaNGa"
| #define PACKAGE_TARNAME "changa"
| #define PACKAGE_VERSION "3.2"
| #define PACKAGE_STRING "ChaNGa 3.2"
| #define PACKAGE_BUGREPORT "changa-users@u.washington.edu"
| #define NBODY_PACKAGE_VERSION 3.2
| #define STDC_HEADERS 1
| #define HAVE_SYS_TYPES_H 1
| #define HAVE_SYS_STAT_H 1
| #define HAVE_STDLIB_H 1
| #define HAVE_STRING_H 1
| #define HAVE_MEMORY_H 1
| #define HAVE_STRINGS_H 1
| #define HAVE_INTTYPES_H 1
| #define HAVE_STDINT_H 1
| #define HAVE_UNISTD_H 1
| #define HAVE_ENDIAN_H 1
| #define HAVE_LIMITS_H 1
| #define HAVE_MALLOC_H 1
| #define HAVE_STDDEF_H 1
| #define HAVE_STDINT_H 1
| #define HAVE_STDLIB_H 1
| #define HAVE_STRING_H 1
| #define HAVE_SYS_PARAM_H 1
| #define HAVE_UNISTD_H 1
| #define HAVE_VALUES_H 1
| #define HAVE_RPC_TYPES_H 1
| #define HAVE__BOOL 1
| #define HAVE_STDBOOL_H 1
| /* end confdefs.h.  */
| #include <stdio.h>
| #ifdef HAVE_SYS_TYPES_H
| # include <sys/types.h>
| #endif
| #ifdef HAVE_SYS_STAT_H
| # include <sys/stat.h>
| #endif
| #ifdef STDC_HEADERS
| # include <stdlib.h>
| # include <stddef.h>
| #else
| # ifdef HAVE_STDLIB_H
| #  include <stdlib.h>
| # endif
| #endif
| #ifdef HAVE_STRING_H
| # if !defined STDC_HEADERS && defined HAVE_MEMORY_H
| #  include <memory.h>
| # endif
| # include <string.h>
| #endif
| #ifdef HAVE_STRINGS_H
| # include <strings.h>
| #endif
| #ifdef HAVE_INTTYPES_H
| # include <inttypes.h>
| #endif
| #ifdef HAVE_STDINT_H
| # include <stdint.h>
| #endif
| #ifdef HAVE_UNISTD_H
| # include <unistd.h>
| #endif
| int
| main ()
| {
| if (sizeof ((size_t)))
| 	  return 0;
|   ;
|   return 0;
| }
configure:5256: result: yes
configure:5268: checking for u_int64_t
configure:5296: mpicc   -DCMK_GFORTRAN  -D_REENTRANT   -D_REENTRANT  -DMPICH_IGNORE_CXX_SEEK -DMPICH_SKIP_MPICXX -mmic -c -g -O2  -I.. conftest.c >&5
configure:5303: $? = 0
configure:5330: mpicc   -DCMK_GFORTRAN  -D_REENTRANT   -D_REENTRANT  -DMPICH_IGNORE_CXX_SEEK -DMPICH_SKIP_MPICXX -mmic -c -g -O2  -I.. conftest.c >&5
conftest.c(68): error: expected an expression
  if (sizeof ((u_int64_t)))
                         ^

compilation aborted for conftest.c (code 2)
configure:5337: $? = 2
configure: failed program was:
| /* confdefs.h.  */
| #define PACKAGE_NAME "ChaNGa"
| #define PACKAGE_TARNAME "changa"
| #define PACKAGE_VERSION "3.2"
| #define PACKAGE_STRING "ChaNGa 3.2"
| #define PACKAGE_BUGREPORT "changa-users@u.washington.edu"
| #define NBODY_PACKAGE_VERSION 3.2
| #define STDC_HEADERS 1
| #define HAVE_SYS_TYPES_H 1
| #define HAVE_SYS_STAT_H 1
| #define HAVE_STDLIB_H 1
| #define HAVE_STRING_H 1
| #define HAVE_MEMORY_H 1
| #define HAVE_STRINGS_H 1
| #define HAVE_INTTYPES_H 1
| #define HAVE_STDINT_H 1
| #define HAVE_UNISTD_H 1
| #define HAVE_ENDIAN_H 1
| #define HAVE_LIMITS_H 1
| #define HAVE_MALLOC_H 1
| #define HAVE_STDDEF_H 1
| #define HAVE_STDINT_H 1
| #define HAVE_STDLIB_H 1
| #define HAVE_STRING_H 1
| #define HAVE_SYS_PARAM_H 1
| #define HAVE_UNISTD_H 1
| #define HAVE_VALUES_H 1
| #define HAVE_RPC_TYPES_H 1
| #define HAVE__BOOL 1
| #define HAVE_STDBOOL_H 1
| /* end confdefs.h.  */
| #include <stdio.h>
| #ifdef HAVE_SYS_TYPES_H
| # include <sys/types.h>
| #endif
| #ifdef HAVE_SYS_STAT_H
| # include <sys/stat.h>
| #endif
| #ifdef STDC_HEADERS
| # include <stdlib.h>
| # include <stddef.h>
| #else
| # ifdef HAVE_STDLIB_H
| #  include <stdlib.h>
| # endif
| #endif
| #ifdef HAVE_STRING_H
| # if !defined STDC_HEADERS && defined HAVE_MEMORY_H
| #  include <memory.h>
| # endif
| # include <string.h>
| #endif
| #ifdef HAVE_STRINGS_H
| # include <strings.h>
| #endif
| #ifdef HAVE_INTTYPES_H
| # include <inttypes.h>
| #endif
| #ifdef HAVE_STDINT_H
| # include <stdint.h>
| #endif
| #ifdef HAVE_UNISTD_H
| # include <unistd.h>
| #endif
| int
| main ()
| {
| if (sizeof ((u_int64_t)))
| 	  return 0;
|   ;
|   return 0;
| }
configure:5360: result: yes
configure:5370: checking for u_quad_t
configure:5398: mpicc   -DCMK_GFORTRAN  -D_REENTRANT   -D_REENTRANT  -DMPICH_IGNORE_CXX_SEEK -DMPICH_SKIP_MPICXX -mmic -c -g -O2  -I.. conftest.c >&5
configure:5405: $? = 0
configure:5432: mpicc   -DCMK_GFORTRAN  -D_REENTRANT   -D_REENTRANT  -DMPICH_IGNORE_CXX_SEEK -DMPICH_SKIP_MPICXX -mmic -c -g -O2  -I.. conftest.c >&5
conftest.c(69): error: expected an expression
  if (sizeof ((u_quad_t)))
                        ^

compilation aborted for conftest.c (code 2)
configure:5439: $? = 2
configure: failed program was:
| /* confdefs.h.  */
| #define PACKAGE_NAME "ChaNGa"
| #define PACKAGE_TARNAME "changa"
| #define PACKAGE_VERSION "3.2"
| #define PACKAGE_STRING "ChaNGa 3.2"
| #define PACKAGE_BUGREPORT "changa-users@u.washington.edu"
| #define NBODY_PACKAGE_VERSION 3.2
| #define STDC_HEADERS 1
| #define HAVE_SYS_TYPES_H 1
| #define HAVE_SYS_STAT_H 1
| #define HAVE_STDLIB_H 1
| #define HAVE_STRING_H 1
| #define HAVE_MEMORY_H 1
| #define HAVE_STRINGS_H 1
| #define HAVE_INTTYPES_H 1
| #define HAVE_STDINT_H 1
| #define HAVE_UNISTD_H 1
| #define HAVE_ENDIAN_H 1
| #define HAVE_LIMITS_H 1
| #define HAVE_MALLOC_H 1
| #define HAVE_STDDEF_H 1
| #define HAVE_STDINT_H 1
| #define HAVE_STDLIB_H 1
| #define HAVE_STRING_H 1
| #define HAVE_SYS_PARAM_H 1
| #define HAVE_UNISTD_H 1
| #define HAVE_VALUES_H 1
| #define HAVE_RPC_TYPES_H 1
| #define HAVE__BOOL 1
| #define HAVE_STDBOOL_H 1
| #define HAVE_U_INT64_T 1
| /* end confdefs.h.  */
| #include <stdio.h>
| #ifdef HAVE_SYS_TYPES_H
| # include <sys/types.h>
| #endif
| #ifdef HAVE_SYS_STAT_H
| # include <sys/stat.h>
| #endif
| #ifdef STDC_HEADERS
| # include <stdlib.h>
| # include <stddef.h>
| #else
| # ifdef HAVE_STDLIB_H
| #  include <stdlib.h>
| # endif
| #endif
| #ifdef HAVE_STRING_H
| # if !defined STDC_HEADERS && defined HAVE_MEMORY_H
| #  include <memory.h>
| # endif
| # include <string.h>
| #endif
| #ifdef HAVE_STRINGS_H
| # include <strings.h>
| #endif
| #ifdef HAVE_INTTYPES_H
| # include <inttypes.h>
| #endif
| #ifdef HAVE_STDINT_H
| # include <stdint.h>
| #endif
| #ifdef HAVE_UNISTD_H
| # include <unistd.h>
| #endif
| int
| main ()
| {
| if (sizeof ((u_quad_t)))
| 	  return 0;
|   ;
|   return 0;
| }
configure:5462: result: yes
configure:5472: checking for int64_t
configure:5500: mpicc   -DCMK_GFORTRAN  -D_REENTRANT   -D_REENTRANT  -DMPICH_IGNORE_CXX_SEEK -DMPICH_SKIP_MPICXX -mmic -c -g -O2  -I.. conftest.c >&5
configure:5507: $? = 0
configure:5534: mpicc   -DCMK_GFORTRAN  -D_REENTRANT   -D_REENTRANT  -DMPICH_IGNORE_CXX_SEEK -DMPICH_SKIP_MPICXX -mmic -c -g -O2  -I.. conftest.c >&5
conftest.c(70): error: expected an expression
  if (sizeof ((int64_t)))
                       ^

compilation aborted for conftest.c (code 2)
configure:5541: $? = 2
configure: failed program was:
| /* confdefs.h.  */
| #define PACKAGE_NAME "ChaNGa"
| #define PACKAGE_TARNAME "changa"
| #define PACKAGE_VERSION "3.2"
| #define PACKAGE_STRING "ChaNGa 3.2"
| #define PACKAGE_BUGREPORT "changa-users@u.washington.edu"
| #define NBODY_PACKAGE_VERSION 3.2
| #define STDC_HEADERS 1
| #define HAVE_SYS_TYPES_H 1
| #define HAVE_SYS_STAT_H 1
| #define HAVE_STDLIB_H 1
| #define HAVE_STRING_H 1
| #define HAVE_MEMORY_H 1
| #define HAVE_STRINGS_H 1
| #define HAVE_INTTYPES_H 1
| #define HAVE_STDINT_H 1
| #define HAVE_UNISTD_H 1
| #define HAVE_ENDIAN_H 1
| #define HAVE_LIMITS_H 1
| #define HAVE_MALLOC_H 1
| #define HAVE_STDDEF_H 1
| #define HAVE_STDINT_H 1
| #define HAVE_STDLIB_H 1
| #define HAVE_STRING_H 1
| #define HAVE_SYS_PARAM_H 1
| #define HAVE_UNISTD_H 1
| #define HAVE_VALUES_H 1
| #define HAVE_RPC_TYPES_H 1
| #define HAVE__BOOL 1
| #define HAVE_STDBOOL_H 1
| #define HAVE_U_INT64_T 1
| #define HAVE_U_QUAD_T 1
| /* end confdefs.h.  */
| #include <stdio.h>
| #ifdef HAVE_SYS_TYPES_H
| # include <sys/types.h>
| #endif
| #ifdef HAVE_SYS_STAT_H
| # include <sys/stat.h>
| #endif
| #ifdef STDC_HEADERS
| # include <stdlib.h>
| # include <stddef.h>
| #else
| # ifdef HAVE_STDLIB_H
| #  include <stdlib.h>
| # endif
| #endif
| #ifdef HAVE_STRING_H
| # if !defined STDC_HEADERS && defined HAVE_MEMORY_H
| #  include <memory.h>
| # endif
| # include <string.h>
| #endif
| #ifdef HAVE_STRINGS_H
| # include <strings.h>
| #endif
| #ifdef HAVE_INTTYPES_H
| # include <inttypes.h>
| #endif
| #ifdef HAVE_STDINT_H
| # include <stdint.h>
| #endif
| #ifdef HAVE_UNISTD_H
| # include <unistd.h>
| #endif
| int
| main ()
| {
| if (sizeof ((int64_t)))
| 	  return 0;
|   ;
|   return 0;
| }
configure:5564: result: yes
configure:5574: checking for quad_t
configure:5602: mpicc   -DCMK_GFORTRAN  -D_REENTRANT   -D_REENTRANT  -DMPICH_IGNORE_CXX_SEEK -DMPICH_SKIP_MPICXX -mmic -c -g -O2  -I.. conftest.c >&5
configure:5609: $? = 0
configure:5636: mpicc   -DCMK_GFORTRAN  -D_REENTRANT   -D_REENTRANT  -DMPICH_IGNORE_CXX_SEEK -DMPICH_SKIP_MPICXX -mmic -c -g -O2  -I.. conftest.c >&5
conftest.c(71): error: expected an expression
  if (sizeof ((quad_t)))
                      ^

compilation aborted for conftest.c (code 2)
configure:5643: $? = 2
configure: failed program was:
| /* confdefs.h.  */
| #define PACKAGE_NAME "ChaNGa"
| #define PACKAGE_TARNAME "changa"
| #define PACKAGE_VERSION "3.2"
| #define PACKAGE_STRING "ChaNGa 3.2"
| #define PACKAGE_BUGREPORT "changa-users@u.washington.edu"
| #define NBODY_PACKAGE_VERSION 3.2
| #define STDC_HEADERS 1
| #define HAVE_SYS_TYPES_H 1
| #define HAVE_SYS_STAT_H 1
| #define HAVE_STDLIB_H 1
| #define HAVE_STRING_H 1
| #define HAVE_MEMORY_H 1
| #define HAVE_STRINGS_H 1
| #define HAVE_INTTYPES_H 1
| #define HAVE_STDINT_H 1
| #define HAVE_UNISTD_H 1
| #define HAVE_ENDIAN_H 1
| #define HAVE_LIMITS_H 1
| #define HAVE_MALLOC_H 1
| #define HAVE_STDDEF_H 1
| #define HAVE_STDINT_H 1
| #define HAVE_STDLIB_H 1
| #define HAVE_STRING_H 1
| #define HAVE_SYS_PARAM_H 1
| #define HAVE_UNISTD_H 1
| #define HAVE_VALUES_H 1
| #define HAVE_RPC_TYPES_H 1
| #define HAVE__BOOL 1
| #define HAVE_STDBOOL_H 1
| #define HAVE_U_INT64_T 1
| #define HAVE_U_QUAD_T 1
| #define HAVE_INT64_T 1
| /* end confdefs.h.  */
| #include <stdio.h>
| #ifdef HAVE_SYS_TYPES_H
| # include <sys/types.h>
| #endif
| #ifdef HAVE_SYS_STAT_H
| # include <sys/stat.h>
| #endif
| #ifdef STDC_HEADERS
| # include <stdlib.h>
| # include <stddef.h>
| #else
| # ifdef HAVE_STDLIB_H
| #  include <stdlib.h>
| # endif
| #endif
| #ifdef HAVE_STRING_H
| # if !defined STDC_HEADERS && defined HAVE_MEMORY_H
| #  include <memory.h>
| # endif
| # include <string.h>
| #endif
| #ifdef HAVE_STRINGS_H
| # include <strings.h>
| #endif
| #ifdef HAVE_INTTYPES_H
| # include <inttypes.h>
| #endif
| #ifdef HAVE_STDINT_H
| # include <stdint.h>
| #endif
| #ifdef HAVE_UNISTD_H
| # include <unistd.h>
| #endif
| int
| main ()
| {
| if (sizeof ((quad_t)))
| 	  return 0;
|   ;
|   return 0;
| }
configure:5666: result: yes
configure:5676: checking for quad
configure:5704: mpicc   -DCMK_GFORTRAN  -D_REENTRANT   -D_REENTRANT  -DMPICH_IGNORE_CXX_SEEK -DMPICH_SKIP_MPICXX -mmic -c -g -O2  -I.. conftest.c >&5
conftest.c(72): error: identifier "quad" is undefined
  if (sizeof (quad))
              ^

compilation aborted for conftest.c (code 2)
configure:5711: $? = 2
configure: failed program was:
| /* confdefs.h.  */
| #define PACKAGE_NAME "ChaNGa"
| #define PACKAGE_TARNAME "changa"
| #define PACKAGE_VERSION "3.2"
| #define PACKAGE_STRING "ChaNGa 3.2"
| #define PACKAGE_BUGREPORT "changa-users@u.washington.edu"
| #define NBODY_PACKAGE_VERSION 3.2
| #define STDC_HEADERS 1
| #define HAVE_SYS_TYPES_H 1
| #define HAVE_SYS_STAT_H 1
| #define HAVE_STDLIB_H 1
| #define HAVE_STRING_H 1
| #define HAVE_MEMORY_H 1
| #define HAVE_STRINGS_H 1
| #define HAVE_INTTYPES_H 1
| #define HAVE_STDINT_H 1
| #define HAVE_UNISTD_H 1
| #define HAVE_ENDIAN_H 1
| #define HAVE_LIMITS_H 1
| #define HAVE_MALLOC_H 1
| #define HAVE_STDDEF_H 1
| #define HAVE_STDINT_H 1
| #define HAVE_STDLIB_H 1
| #define HAVE_STRING_H 1
| #define HAVE_SYS_PARAM_H 1
| #define HAVE_UNISTD_H 1
| #define HAVE_VALUES_H 1
| #define HAVE_RPC_TYPES_H 1
| #define HAVE__BOOL 1
| #define HAVE_STDBOOL_H 1
| #define HAVE_U_INT64_T 1
| #define HAVE_U_QUAD_T 1
| #define HAVE_INT64_T 1
| #define HAVE_QUAD_T 1
| /* end confdefs.h.  */
| #include <stdio.h>
| #ifdef HAVE_SYS_TYPES_H
| # include <sys/types.h>
| #endif
| #ifdef HAVE_SYS_STAT_H
| # include <sys/stat.h>
| #endif
| #ifdef STDC_HEADERS
| # include <stdlib.h>
| # include <stddef.h>
| #else
| # ifdef HAVE_STDLIB_H
| #  include <stdlib.h>
| # endif
| #endif
| #ifdef HAVE_STRING_H
| # if !defined STDC_HEADERS && defined HAVE_MEMORY_H
| #  include <memory.h>
| # endif
| # include <string.h>
| #endif
| #ifdef HAVE_STRINGS_H
| # include <strings.h>
| #endif
| #ifdef HAVE_INTTYPES_H
| # include <inttypes.h>
| #endif
| #ifdef HAVE_STDINT_H
| # include <stdint.h>
| #endif
| #ifdef HAVE_UNISTD_H
| # include <unistd.h>
| #endif
| int
| main ()
| {
| if (sizeof (quad))
|        return 0;
|   ;
|   return 0;
| }
configure:5768: result: no
configure:5786: checking for stdlib.h
configure:5793: result: yes
configure:5932: checking for GNU libc compatible malloc
configure:5966: mpicc   -DCMK_GFORTRAN  -D_REENTRANT   -D_REENTRANT  -DMPICH_IGNORE_CXX_SEEK -DMPICH_SKIP_MPICXX -mmic -o conftest -g -O2  -I..  conftest.c  >&5
configure:5970: $? = 0
configure:5976: ./conftest
configure:5980: $? = 0
configure:5997: result: yes
configure:6030: checking for stdlib.h
configure:6037: result: yes
configure:6176: checking for GNU libc compatible realloc
configure:6210: mpicc   -DCMK_GFORTRAN  -D_REENTRANT   -D_REENTRANT  -DMPICH_IGNORE_CXX_SEEK -DMPICH_SKIP_MPICXX -mmic -o conftest -g -O2  -I..  conftest.c  >&5
configure:6214: $? = 0
configure:6220: ./conftest
configure:6224: $? = 0
configure:6241: result: yes
configure:6277: checking for floor
configure:6333: mpicc   -DCMK_GFORTRAN  -D_REENTRANT   -D_REENTRANT  -DMPICH_IGNORE_CXX_SEEK -DMPICH_SKIP_MPICXX -mmic -o conftest -g -O2  -I..  conftest.c  >&5
configure:6340: $? = 0
configure:6362: result: yes
configure:6277: checking for memset
configure:6333: mpicc   -DCMK_GFORTRAN  -D_REENTRANT   -D_REENTRANT  -DMPICH_IGNORE_CXX_SEEK -DMPICH_SKIP_MPICXX -mmic -o conftest -g -O2  -I..  conftest.c  >&5
configure:6340: $? = 0
configure:6362: result: yes
configure:6277: checking for pow
configure:6333: mpicc   -DCMK_GFORTRAN  -D_REENTRANT   -D_REENTRANT  -DMPICH_IGNORE_CXX_SEEK -DMPICH_SKIP_MPICXX -mmic -o conftest -g -O2  -I..  conftest.c  >&5
configure:6340: $? = 0
configure:6362: result: yes
configure:6277: checking for sqrt
configure:6333: mpicc   -DCMK_GFORTRAN  -D_REENTRANT   -D_REENTRANT  -DMPICH_IGNORE_CXX_SEEK -DMPICH_SKIP_MPICXX -mmic -o conftest -g -O2  -I..  conftest.c  >&5
configure:6340: $? = 0
configure:6362: result: yes
configure:6277: checking for strchr
configure:6333: mpicc   -DCMK_GFORTRAN  -D_REENTRANT   -D_REENTRANT  -DMPICH_IGNORE_CXX_SEEK -DMPICH_SKIP_MPICXX -mmic -o conftest -g -O2  -I..  conftest.c  >&5
configure:6340: $? = 0
configure:6362: result: yes
configure:6375: checking for xdr_hyper in -lxdr
configure:6410: mpicc   -DCMK_GFORTRAN  -D_REENTRANT   -D_REENTRANT  -DMPICH_IGNORE_CXX_SEEK -DMPICH_SKIP_MPICXX -mmic -o conftest -g -O2  -I..  conftest.c -lxdr   >&5
x86_64-k1om-linux-ld: cannot find -lxdr
configure:6417: $? = 1
configure: failed program was:
| /* confdefs.h.  */
| #define PACKAGE_NAME "ChaNGa"
| #define PACKAGE_TARNAME "changa"
| #define PACKAGE_VERSION "3.2"
| #define PACKAGE_STRING "ChaNGa 3.2"
| #define PACKAGE_BUGREPORT "changa-users@u.washington.edu"
| #define NBODY_PACKAGE_VERSION 3.2
| #define STDC_HEADERS 1
| #define HAVE_SYS_TYPES_H 1
| #define HAVE_SYS_STAT_H 1
| #define HAVE_STDLIB_H 1
| #define HAVE_STRING_H 1
| #define HAVE_MEMORY_H 1
| #define HAVE_STRINGS_H 1
| #define HAVE_INTTYPES_H 1
| #define HAVE_STDINT_H 1
| #define HAVE_UNISTD_H 1
| #define HAVE_ENDIAN_H 1
| #define HAVE_LIMITS_H 1
| #define HAVE_MALLOC_H 1
| #define HAVE_STDDEF_H 1
| #define HAVE_STDINT_H 1
| #define HAVE_STDLIB_H 1
| #define HAVE_STRING_H 1
| #define HAVE_SYS_PARAM_H 1
| #define HAVE_UNISTD_H 1
| #define HAVE_VALUES_H 1
| #define HAVE_RPC_TYPES_H 1
| #define HAVE__BOOL 1
| #define HAVE_STDBOOL_H 1
| #define HAVE_U_INT64_T 1
| #define HAVE_U_QUAD_T 1
| #define HAVE_INT64_T 1
| #define HAVE_QUAD_T 1
| #define HAVE_STDLIB_H 1
| #define HAVE_MALLOC 1
| #define HAVE_STDLIB_H 1
| #define HAVE_REALLOC 1
| #define HAVE_FLOOR 1
| #define HAVE_MEMSET 1
| #define HAVE_POW 1
| #define HAVE_SQRT 1
| #define HAVE_STRCHR 1
| /* end confdefs.h.  */
| 
| /* Override any GCC internal prototype to avoid an error.
|    Use char because int might match the return type of a GCC
|    builtin and then its argument prototype would still apply.  */
| #ifdef __cplusplus
| extern "C"
| #endif
| char xdr_hyper ();
| int
| main ()
| {
| return xdr_hyper ();
|   ;
|   return 0;
| }
configure:6438: result: no
configure:6453: checking for xdr_hyper
configure:6509: mpicc   -DCMK_GFORTRAN  -D_REENTRANT   -D_REENTRANT  -DMPICH_IGNORE_CXX_SEEK -DMPICH_SKIP_MPICXX -mmic -o conftest -g -O2  -I..  conftest.c  >&5
configure:6516: $? = 0
configure:6538: result: yes
configure:6655: creating ./config.status

## ---------------------- ##
## Running config.status. ##
## ---------------------- ##

This file was extended by ChaNGa config.status 3.2, which was
generated by GNU Autoconf 2.63.  Invocation command line was

  CONFIG_FILES    = 
  CONFIG_HEADERS  = 
  CONFIG_LINKS    = 
  CONFIG_COMMANDS = 
  $ ./config.status 

on c557-401.stampede.tacc.utexas.edu

config.status:762: creating Makefile
config.status:762: creating ../utility/structures/Makefile
config.status:762: creating config.h
config.status:973: config.h is unchanged
config.status:762: creating ../utility/structures/config.h
config.status:973: ../utility/structures/config.h is unchanged

## ---------------- ##
## Cache variables. ##
## ---------------- ##

ac_cv_c_compiler_gnu=yes
ac_cv_c_const=yes
ac_cv_c_inline=inline
ac_cv_cxx_compiler_gnu=yes
ac_cv_env_CCC_set=
ac_cv_env_CCC_value=
ac_cv_env_CC_set=
ac_cv_env_CC_value=
ac_cv_env_CFLAGS_set=
ac_cv_env_CFLAGS_value=
ac_cv_env_CHARMC_set=
ac_cv_env_CHARMC_value=
ac_cv_env_CPPFLAGS_set=
ac_cv_env_CPPFLAGS_value=
ac_cv_env_CPP_set=
ac_cv_env_CPP_value=
ac_cv_env_CXXFLAGS_set=
ac_cv_env_CXXFLAGS_value=
ac_cv_env_CXX_set=
ac_cv_env_CXX_value=
ac_cv_env_LDFLAGS_set=
ac_cv_env_LDFLAGS_value=
ac_cv_env_LIBS_set=
ac_cv_env_LIBS_value=
ac_cv_env_build_alias_set=
ac_cv_env_build_alias_value=
ac_cv_env_host_alias_set=
ac_cv_env_host_alias_value=
ac_cv_env_target_alias_set=
ac_cv_env_target_alias_value=
ac_cv_file____libs=no
ac_cv_func_floor=yes
ac_cv_func_malloc_0_nonnull=yes
ac_cv_func_memset=yes
ac_cv_func_pow=yes
ac_cv_func_realloc_0_nonnull=yes
ac_cv_func_sqrt=yes
ac_cv_func_strchr=yes
ac_cv_func_xdr_hyper=yes
ac_cv_header_endian_h=yes
ac_cv_header_inttypes_h=yes
ac_cv_header_limits_h=yes
ac_cv_header_malloc_h=yes
ac_cv_header_memory_h=yes
ac_cv_header_netinet_in_h=yes
ac_cv_header_rpc_types_h=yes
ac_cv_header_rpc_xdr_h=yes
ac_cv_header_stdbool_h=yes
ac_cv_header_stdc=yes
ac_cv_header_stddef_h=yes
ac_cv_header_stdint_h=yes
ac_cv_header_stdlib_h=yes
ac_cv_header_string_h=yes
ac_cv_header_strings_h=yes
ac_cv_header_sys_bittypes_h=no
ac_cv_header_sys_param_h=yes
ac_cv_header_sys_stat_h=yes
ac_cv_header_sys_types_h=yes
ac_cv_header_unistd_h=yes
ac_cv_header_values_h=yes
ac_cv_lib_xdr_xdr_hyper=no
ac_cv_objext=o
ac_cv_path_CHARMC=../charm/bin/charmc
ac_cv_path_EGREP='/bin/grep -E'
ac_cv_path_GREP=/bin/grep
ac_cv_prog_CPP='mpicc   -DCMK_GFORTRAN  -D_REENTRANT   -D_REENTRANT  -DMPICH_IGNORE_CXX_SEEK -DMPICH_SKIP_MPICXX -mmic -E'
ac_cv_prog_ac_ct_CC='mpicc   -DCMK_GFORTRAN  -D_REENTRANT   -D_REENTRANT  -DMPICH_IGNORE_CXX_SEEK -DMPICH_SKIP_MPICXX -mmic'
ac_cv_prog_cc_c89=
ac_cv_prog_cc_g=yes
ac_cv_prog_cxx_g=yes
ac_cv_search_xdr_float='none required'
ac_cv_type__Bool=yes
ac_cv_type_int64_t=yes
ac_cv_type_quad=no
ac_cv_type_quad_t=yes
ac_cv_type_size_t=yes
ac_cv_type_u_int64_t=yes
ac_cv_type_u_quad_t=yes

## ----------------- ##
## Output variables. ##
## ----------------- ##

AR='ar q'
CC='mpicc   -DCMK_GFORTRAN  -D_REENTRANT   -D_REENTRANT  -DMPICH_IGNORE_CXX_SEEK -DMPICH_SKIP_MPICXX -mmic'
CFLAGS='-g -O2'
CHARMC='../charm/bin/charmc'
CHARM_PATH='../charm'
CPP='mpicc   -DCMK_GFORTRAN  -D_REENTRANT   -D_REENTRANT  -DMPICH_IGNORE_CXX_SEEK -DMPICH_SKIP_MPICXX -mmic -E'
CPPFLAGS=' -I..'
CXX='mpicxx   -DCMK_GFORTRAN   -D_REENTRANT     -D_REENTRANT  -DMPICH_IGNORE_CXX_SEEK -DMPICH_SKIP_MPICXX -mmic '
CXXFLAGS='-g -O2'
DEFS='-DHAVE_CONFIG_H'
ECHO_C=''
ECHO_N='-n'
ECHO_T=''
EGREP='/bin/grep -E'
EXEEXT=''
FLAG_BIGKEYS=''
FLAG_CHANGESOFT='-DCHANGESOFT'
FLAG_COOLING='-DCOOLING_NONE'
FLAG_KERNEL=''
GREP='/bin/grep'
LDFLAGS=''
LIBOBJS=''
LIBS=''
LTLIBOBJS=''
OBJECTS_COOLING=''
OBJEXT='o'
PACKAGE_BUGREPORT='changa-users@u.washington.edu'
PACKAGE_NAME='ChaNGa'
PACKAGE_STRING='ChaNGa 3.2'
PACKAGE_TARNAME='changa'
PACKAGE_VERSION='3.2'
PATH_SEPARATOR=':'
SHELL='/bin/sh'
ac_ct_CC='mpicc   -DCMK_GFORTRAN  -D_REENTRANT   -D_REENTRANT  -DMPICH_IGNORE_CXX_SEEK -DMPICH_SKIP_MPICXX -mmic'
ac_ct_CXX=''
bindir='${exec_prefix}/bin'
build_alias=''
datadir='${datarootdir}'
datarootdir='${prefix}/share'
docdir='${datarootdir}/doc/${PACKAGE_TARNAME}'
dvidir='${docdir}'
exec_prefix='${prefix}'
host_alias=''
htmldir='${docdir}'
includedir='${prefix}/include'
infodir='${datarootdir}/info'
libdir='${exec_prefix}/lib'
libexecdir='${exec_prefix}/libexec'
localedir='${datarootdir}/locale'
localstatedir='${prefix}/var'
mandir='${datarootdir}/man'
oldincludedir='/usr/include'
pdfdir='${docdir}'
prefix='/usr/local'
program_transform_name='s,x,x,'
psdir='${docdir}'
sbindir='${exec_prefix}/sbin'
sharedstatedir='${prefix}/com'
sysconfdir='${prefix}/etc'
target_alias=''

## ----------- ##
## confdefs.h. ##
## ----------- ##

#define PACKAGE_NAME "ChaNGa"
#define PACKAGE_TARNAME "changa"
#define PACKAGE_VERSION "3.2"
#define PACKAGE_STRING "ChaNGa 3.2"
#define PACKAGE_BUGREPORT "changa-users@u.washington.edu"
#define NBODY_PACKAGE_VERSION 3.2
#define STDC_HEADERS 1
#define HAVE_SYS_TYPES_H 1
#define HAVE_SYS_STAT_H 1
#define HAVE_STDLIB_H 1
#define HAVE_STRING_H 1
#define HAVE_MEMORY_H 1
#define HAVE_STRINGS_H 1
#define HAVE_INTTYPES_H 1
#define HAVE_STDINT_H 1
#define HAVE_UNISTD_H 1
#define HAVE_ENDIAN_H 1
#define HAVE_LIMITS_H 1
#define HAVE_MALLOC_H 1
#define HAVE_STDDEF_H 1
#define HAVE_STDINT_H 1
#define HAVE_STDLIB_H 1
#define HAVE_STRING_H 1
#define HAVE_SYS_PARAM_H 1
#define HAVE_UNISTD_H 1
#define HAVE_VALUES_H 1
#define HAVE_RPC_TYPES_H 1
#define HAVE__BOOL 1
#define HAVE_STDBOOL_H 1
#define HAVE_U_INT64_T 1
#define HAVE_U_QUAD_T 1
#define HAVE_INT64_T 1
#define HAVE_QUAD_T 1
#define HAVE_STDLIB_H 1
#define HAVE_MALLOC 1
#define HAVE_STDLIB_H 1
#define HAVE_REALLOC 1
#define HAVE_FLOOR 1
#define HAVE_MEMSET 1
#define HAVE_POW 1
#define HAVE_SQRT 1
#define HAVE_STRCHR 1
#define HAVE_XDR_HYPER 1

configure: exit 0
